 --- Init ---
MyC++Bot
 --- Bot used 0 milliseconds ---
-----------------------------------------------------------------------------
 --- Frame #1 ---
7 15 0 
 --- Bot used 0 milliseconds ---
-----------------------------------------------------------------------------
 --- Frame #2 ---
7 15 1 
 --- Bot used 0 milliseconds ---
-----------------------------------------------------------------------------
 --- Frame #3 ---
7 14 0 7 15 0 
 --- Bot used 0 milliseconds ---
-----------------------------------------------------------------------------
 --- Frame #4 ---
7 14 0 7 15 0 
 --- Bot used 0 milliseconds ---
-----------------------------------------------------------------------------
 --- Frame #5 ---
7 14 0 7 15 0 
 --- Bot used 0 milliseconds ---
-----------------------------------------------------------------------------
 --- Frame #6 ---
7 14 0 7 15 0 
 --- Bot used 0 milliseconds ---
-----------------------------------------------------------------------------
 --- Frame #7 ---
7 14 0 7 15 0 
 --- Bot used 1 milliseconds ---
-----------------------------------------------------------------------------
 --- Frame #8 ---
7 14 0 7 15 0 
 --- Bot used 0 milliseconds ---
-----------------------------------------------------------------------------
 --- Frame #9 ---
7 14 1 7 15 0 
 --- Bot used 0 milliseconds ---
-----------------------------------------------------------------------------
 --- Frame #10 ---
7 13 0 7 14 0 7 15 3 
 --- Bot used 0 milliseconds ---
-----------------------------------------------------------------------------
 --- Frame #11 ---
7 13 0 7 14 0 7 15 0 7 16 0 
 --- Bot used 0 milliseconds ---
-----------------------------------------------------------------------------
 --- Frame #12 ---
7 13 0 7 14 0 7 15 0 7 16 0 
 --- Bot used 0 milliseconds ---
-----------------------------------------------------------------------------
 --- Frame #13 ---
7 13 0 7 14 0 7 15 0 7 16 0 
 --- Bot used 1 milliseconds ---
-----------------------------------------------------------------------------
 --- Frame #14 ---
7 13 0 7 14 0 7 15 0 7 16 0 
 --- Bot used 0 milliseconds ---
-----------------------------------------------------------------------------
 --- Frame #15 ---
7 13 0 7 14 0 7 15 0 7 16 0 
 --- Bot used 0 milliseconds ---
-----------------------------------------------------------------------------
 --- Frame #16 ---
7 13 1 7 14 0 7 15 0 7 16 0 
 --- Bot used 1 milliseconds ---
-----------------------------------------------------------------------------
 --- Frame #17 ---
7 12 0 7 13 0 7 14 0 7 15 0 7 16 0 
 --- Bot used 1 milliseconds ---
-----------------------------------------------------------------------------
 --- Frame #18 ---
7 12 0 7 13 0 7 14 0 7 15 0 7 16 0 
 --- Bot used 1 milliseconds ---
-----------------------------------------------------------------------------
 --- Frame #19 ---
7 12 0 7 13 0 7 14 4 7 15 0 7 16 0 
 --- Bot used 0 milliseconds ---
-----------------------------------------------------------------------------
 --- Frame #20 ---
7 12 0 7 13 0 6 14 0 7 14 0 7 15 0 7 16 3 
 --- Bot used 0 milliseconds ---
-----------------------------------------------------------------------------
 --- Frame #21 ---
7 12 0 7 13 0 6 14 0 7 14 0 7 15 4 7 16 0 7 17 0 
 --- Bot used 1 milliseconds ---
-----------------------------------------------------------------------------
 --- Frame #22 ---
7 12 1 7 13 0 6 14 0 7 14 0 6 15 0 7 15 0 7 16 0 7 17 0 
 --- Bot used 0 milliseconds ---
-----------------------------------------------------------------------------
 --- Frame #23 ---
7 11 0 7 12 0 6 14 0 7 13 2 7 14 0 6 15 0 7 15 0 7 16 0 7 17 0 
 --- Bot used 0 milliseconds ---
-----------------------------------------------------------------------------
 --- Frame #24 ---
7 11 0 7 12 0 7 13 0 6 14 0 8 13 0 7 14 0 6 15 0 7 15 0 7 16 0 7 17 0 
 --- Bot used 0 milliseconds ---
-----------------------------------------------------------------------------
 --- Frame #25 ---
7 11 0 7 12 0 7 13 0 6 14 0 8 13 0 7 14 0 6 15 0 7 15 0 7 16 0 7 17 0 
 --- Bot used 1 milliseconds ---
-----------------------------------------------------------------------------
 --- Frame #26 ---
7 11 0 7 12 0 7 13 0 6 14 4 8 13 0 7 14 0 6 15 0 7 15 0 7 16 0 7 17 0 
 --- Bot used 1 milliseconds ---
-----------------------------------------------------------------------------
 --- Frame #27 ---
7 11 0 7 12 0 5 14 0 7 13 0 6 14 0 8 13 0 7 14 0 6 15 0 7 15 0 7 16 0 7 17 0 
 --- Bot used 0 milliseconds ---
-----------------------------------------------------------------------------
 --- Frame #28 ---
7 11 0 7 12 0 5 14 0 7 13 0 6 14 0 8 13 0 6 15 0 7 14 2 7 15 0 7 16 0 7 17 0 
 --- Bot used 0 milliseconds ---
-----------------------------------------------------------------------------
 --- Frame #29 ---
7 11 0 7 12 0 5 14 0 7 13 0 6 14 0 8 13 0 7 14 0 6 15 3 8 14 0 7 15 0 7 16 0 7 17 0 
 --- Bot used 1 milliseconds ---
-----------------------------------------------------------------------------
 --- Frame #30 ---
7 11 0 5 14 0 7 12 2 7 13 0 6 14 0 8 13 0 7 14 0 6 15 0 8 14 0 7 15 0 6 16 0 7 16 0 7 17 0 
 --- Bot used 0 milliseconds ---
-----------------------------------------------------------------------------
 --- Frame #31 ---
7 11 4 7 12 0 5 14 0 8 12 0 7 13 0 6 14 0 8 13 0 7 14 0 6 15 0 8 14 0 7 15 0 6 16 0 7 16 0 7 17 0 
 --- Bot used 0 milliseconds ---
-----------------------------------------------------------------------------
 --- Frame #32 ---
6 11 0 7 11 0 7 12 0 5 14 4 8 12 0 7 13 0 6 14 0 8 13 0 7 14 0 6 15 0 8 14 0 7 15 0 6 16 0 7 16 0 7 17 0 
 --- Bot used 1 milliseconds ---
-----------------------------------------------------------------------------
 --- Frame #33 ---
6 11 0 7 11 0 4 14 0 7 12 0 5 14 0 8 12 0 6 14 0 7 13 4 8 13 0 7 14 0 6 15 0 8 14 0 6 16 0 7 15 2 7 16 0 7 17 0 
 --- Bot used 1 milliseconds ---
-----------------------------------------------------------------------------
 --- Frame #34 ---

ERRORED!
No response received.