 --- Init ---
MyC++Bot
 --- Bot used 0 milliseconds ---
-----------------------------------------------------------------------------
 --- Frame #1 ---
7 15 1 
 --- Bot used 0 milliseconds ---
-----------------------------------------------------------------------------
 --- Frame #2 ---
7 14 0 7 15 0 
 --- Bot used 0 milliseconds ---
-----------------------------------------------------------------------------
 --- Frame #3 ---
7 14 0 7 15 0 
 --- Bot used 0 milliseconds ---
-----------------------------------------------------------------------------
 --- Frame #4 ---
7 14 0 7 15 0 
 --- Bot used 0 milliseconds ---
-----------------------------------------------------------------------------
 --- Frame #5 ---
7 14 0 7 15 0 
 --- Bot used 0 milliseconds ---
-----------------------------------------------------------------------------
 --- Frame #6 ---
7 14 0 7 15 0 
 --- Bot used 0 milliseconds ---
-----------------------------------------------------------------------------
 --- Frame #7 ---
7 14 0 7 15 0 
 --- Bot used 0 milliseconds ---
-----------------------------------------------------------------------------
 --- Frame #8 ---
7 14 0 7 15 0 
 --- Bot used 0 milliseconds ---
-----------------------------------------------------------------------------
 --- Frame #9 ---
7 14 0 7 15 0 
 --- Bot used 0 milliseconds ---
-----------------------------------------------------------------------------
 --- Frame #10 ---
7 14 0 7 15 0 
 --- Bot used 0 milliseconds ---
-----------------------------------------------------------------------------
 --- Frame #11 ---
7 14 0 7 15 0 
 --- Bot used 0 milliseconds ---
-----------------------------------------------------------------------------
 --- Frame #12 ---
7 14 0 7 15 0 
 --- Bot used 0 milliseconds ---
-----------------------------------------------------------------------------
 --- Frame #13 ---
7 14 0 7 15 0 
 --- Bot used 1 milliseconds ---
-----------------------------------------------------------------------------
 --- Frame #14 ---
7 14 0 7 15 0 
 --- Bot used 0 milliseconds ---
-----------------------------------------------------------------------------
 --- Frame #15 ---
7 14 0 7 15 0 
 --- Bot used 0 milliseconds ---
-----------------------------------------------------------------------------
 --- Frame #16 ---
7 14 0 7 15 0 
 --- Bot used 0 milliseconds ---
-----------------------------------------------------------------------------
 --- Frame #17 ---
7 14 0 7 15 0 
 --- Bot used 0 milliseconds ---
-----------------------------------------------------------------------------
 --- Frame #18 ---
7 14 0 7 15 0 
 --- Bot used 0 milliseconds ---
-----------------------------------------------------------------------------
 --- Frame #19 ---
7 14 0 7 15 0 
 --- Bot used 0 milliseconds ---
-----------------------------------------------------------------------------
 --- Frame #20 ---
7 14 0 7 15 0 
 --- Bot used 0 milliseconds ---
-----------------------------------------------------------------------------
 --- Frame #21 ---
7 14 0 7 15 0 
 --- Bot used 0 milliseconds ---
-----------------------------------------------------------------------------
 --- Frame #22 ---
7 14 0 7 15 0 
 --- Bot used 0 milliseconds ---
-----------------------------------------------------------------------------
 --- Frame #23 ---
7 14 0 7 15 0 
 --- Bot used 1 milliseconds ---
-----------------------------------------------------------------------------
 --- Frame #24 ---
7 14 0 7 15 0 
 --- Bot used 0 milliseconds ---
-----------------------------------------------------------------------------
 --- Frame #25 ---
7 14 0 7 15 0 
 --- Bot used 0 milliseconds ---
-----------------------------------------------------------------------------
 --- Frame #26 ---
7 14 0 7 15 0 
 --- Bot used 1 milliseconds ---
-----------------------------------------------------------------------------
 --- Frame #27 ---
7 14 0 7 15 0 
 --- Bot used 0 milliseconds ---
-----------------------------------------------------------------------------
 --- Frame #28 ---
7 14 0 7 15 0 
 --- Bot used 1 milliseconds ---
-----------------------------------------------------------------------------
 --- Frame #29 ---
7 14 0 7 15 0 
 --- Bot used 0 milliseconds ---
-----------------------------------------------------------------------------
 --- Frame #30 ---
7 14 0 7 15 0 
 --- Bot used 0 milliseconds ---
-----------------------------------------------------------------------------
 --- Frame #31 ---
7 14 0 7 15 0 
 --- Bot used 1 milliseconds ---
-----------------------------------------------------------------------------
 --- Frame #32 ---
7 14 0 7 15 0 
 --- Bot used 0 milliseconds ---
-----------------------------------------------------------------------------
 --- Frame #33 ---
7 14 0 7 15 0 
 --- Bot used 0 milliseconds ---
-----------------------------------------------------------------------------
 --- Frame #34 ---
7 14 1 7 15 0 
 --- Bot used 0 milliseconds ---
-----------------------------------------------------------------------------
 --- Frame #35 ---
7 13 0 7 14 0 7 15 0 
 --- Bot used 0 milliseconds ---
-----------------------------------------------------------------------------
 --- Frame #36 ---
7 13 0 7 14 0 7 15 0 
 --- Bot used 0 milliseconds ---
-----------------------------------------------------------------------------
 --- Frame #37 ---
7 13 0 7 14 0 7 15 0 
 --- Bot used 1 milliseconds ---
-----------------------------------------------------------------------------
 --- Frame #38 ---
7 13 0 7 14 0 7 15 0 
 --- Bot used 0 milliseconds ---
-----------------------------------------------------------------------------
 --- Frame #39 ---
7 13 0 7 14 0 7 15 0 
 --- Bot used 0 milliseconds ---
-----------------------------------------------------------------------------
 --- Frame #40 ---
7 13 0 7 14 0 7 15 0 
 --- Bot used 1 milliseconds ---
-----------------------------------------------------------------------------
 --- Frame #41 ---
7 13 0 7 14 0 7 15 0 
 --- Bot used 1 milliseconds ---
-----------------------------------------------------------------------------
 --- Frame #42 ---
7 13 0 7 14 0 7 15 0 
 --- Bot used 1 milliseconds ---
-----------------------------------------------------------------------------
 --- Frame #43 ---
7 13 0 7 14 0 7 15 2 
 --- Bot used 0 milliseconds ---
-----------------------------------------------------------------------------
 --- Frame #44 ---
7 13 0 7 14 0 7 15 0 8 15 0 
 --- Bot used 0 milliseconds ---
-----------------------------------------------------------------------------
 --- Frame #45 ---
7 13 0 7 14 0 7 15 0 8 15 0 
 --- Bot used 0 milliseconds ---
-----------------------------------------------------------------------------
 --- Frame #46 ---
7 13 0 7 14 0 7 15 0 8 15 0 
 --- Bot used 0 milliseconds ---
-----------------------------------------------------------------------------
 --- Frame #47 ---
7 13 0 7 14 0 7 15 0 8 15 0 
 --- Bot used 0 milliseconds ---
-----------------------------------------------------------------------------
 --- Frame #48 ---
7 13 0 7 14 0 7 15 0 8 15 0 
 --- Bot used 0 milliseconds ---
-----------------------------------------------------------------------------
 --- Frame #49 ---
7 13 2 7 14 0 7 15 0 8 15 0 
 --- Bot used 0 milliseconds ---
-----------------------------------------------------------------------------
 --- Frame #50 ---
7 13 0 8 13 0 7 14 0 7 15 0 8 15 0 
 --- Bot used 0 milliseconds ---
-----------------------------------------------------------------------------
 --- Frame #51 ---
7 13 0 8 13 0 7 14 0 7 15 0 8 15 0 
 --- Bot used 1 milliseconds ---
-----------------------------------------------------------------------------
 --- Frame #52 ---
7 13 0 8 13 0 7 14 0 7 15 0 8 15 0 
 --- Bot used 0 milliseconds ---
-----------------------------------------------------------------------------
 --- Frame #53 ---
7 13 0 8 13 0 7 14 0 7 15 0 8 15 0 
 --- Bot used 0 milliseconds ---
-----------------------------------------------------------------------------
 --- Frame #54 ---
7 13 0 8 13 0 7 14 0 7 15 0 8 15 0 
 --- Bot used 1 milliseconds ---
-----------------------------------------------------------------------------
 --- Frame #55 ---
7 13 0 8 13 0 7 14 0 7 15 0 8 15 0 
 --- Bot used 0 milliseconds ---
-----------------------------------------------------------------------------
 --- Frame #56 ---
7 13 0 8 13 0 7 14 0 7 15 0 8 15 0 
 --- Bot used 0 milliseconds ---
-----------------------------------------------------------------------------
 --- Frame #57 ---
7 13 0 8 13 0 7 14 0 7 15 0 8 15 0 
 --- Bot used 0 milliseconds ---
-----------------------------------------------------------------------------
 --- Frame #58 ---
7 13 0 8 13 0 7 14 0 7 15 0 8 15 0 
 --- Bot used 1 milliseconds ---
-----------------------------------------------------------------------------
 --- Frame #59 ---
7 13 0 8 13 0 7 14 0 7 15 0 8 15 0 
 --- Bot used 0 milliseconds ---
-----------------------------------------------------------------------------
 --- Frame #60 ---
7 13 0 8 13 0 7 14 0 7 15 0 8 15 0 
 --- Bot used 1 milliseconds ---
-----------------------------------------------------------------------------
 --- Frame #61 ---
7 13 0 8 13 0 7 14 0 7 15 0 8 15 1 
 --- Bot used 0 milliseconds ---
-----------------------------------------------------------------------------
 --- Frame #62 ---
7 13 0 8 13 0 7 14 0 8 14 0 7 15 0 8 15 0 
 --- Bot used 0 milliseconds ---
-----------------------------------------------------------------------------
 --- Frame #63 ---
7 13 0 8 13 0 7 14 0 8 14 0 7 15 0 8 15 0 
 --- Bot used 0 milliseconds ---
-----------------------------------------------------------------------------
 --- Frame #64 ---
7 13 0 8 13 0 7 14 0 8 14 0 7 15 0 8 15 0 
 --- Bot used 0 milliseconds ---
-----------------------------------------------------------------------------
 --- Frame #65 ---
7 13 0 8 13 0 7 14 0 8 14 0 7 15 0 8 15 0 
 --- Bot used 0 milliseconds ---
-----------------------------------------------------------------------------
 --- Frame #66 ---
7 13 0 8 13 0 7 14 0 8 14 0 7 15 0 8 15 0 
 --- Bot used 1 milliseconds ---
-----------------------------------------------------------------------------
 --- Frame #67 ---
7 13 0 8 13 0 7 14 0 8 14 0 7 15 0 8 15 0 
 --- Bot used 0 milliseconds ---
-----------------------------------------------------------------------------
 --- Frame #68 ---
7 13 1 8 13 0 7 14 0 8 14 0 7 15 0 8 15 0 
 --- Bot used 0 milliseconds ---
-----------------------------------------------------------------------------
 --- Frame #69 ---
7 12 0 7 13 0 8 13 0 7 14 0 8 14 0 7 15 0 8 15 0 
 --- Bot used 0 milliseconds ---
-----------------------------------------------------------------------------
 --- Frame #70 ---
7 12 0 7 13 0 7 14 0 8 13 2 8 14 0 7 15 0 8 15 0 
 --- Bot used 0 milliseconds ---
-----------------------------------------------------------------------------
 --- Frame #71 ---
7 12 0 7 13 0 8 13 0 7 14 0 9 13 0 8 14 0 7 15 0 8 15 0 
 --- Bot used 0 milliseconds ---
-----------------------------------------------------------------------------
 --- Frame #72 ---
7 12 0 7 13 0 8 13 0 7 14 0 9 13 0 8 14 0 7 15 0 8 15 0 
 --- Bot used 1 milliseconds ---
-----------------------------------------------------------------------------
 --- Frame #73 ---
7 12 0 7 13 0 8 13 0 7 14 0 9 13 0 8 14 0 7 15 0 8 15 0 
 --- Bot used 0 milliseconds ---
-----------------------------------------------------------------------------
 --- Frame #74 ---
7 12 0 7 13 0 8 13 0 7 14 0 9 13 0 8 14 0 7 15 0 8 15 0 
 --- Bot used 0 milliseconds ---
-----------------------------------------------------------------------------
 --- Frame #75 ---
7 12 0 7 13 0 8 13 0 7 14 4 9 13 0 8 14 0 7 15 0 8 15 0 
 --- Bot used 1 milliseconds ---
-----------------------------------------------------------------------------
 --- Frame #76 ---
7 12 0 7 13 0 6 14 0 8 13 0 7 14 0 9 13 0 8 14 0 7 15 0 8 15 0 
 --- Bot used 0 milliseconds ---
-----------------------------------------------------------------------------
 --- Frame #77 ---
7 12 0 7 13 0 6 14 0 8 13 0 7 14 0 9 13 0 8 14 0 7 15 0 8 15 0 
 --- Bot used 0 milliseconds ---
-----------------------------------------------------------------------------
 --- Frame #78 ---
7 12 0 7 13 0 6 14 0 8 13 0 7 14 0 9 13 0 8 14 0 7 15 0 8 15 0 
 --- Bot used 1 milliseconds ---
-----------------------------------------------------------------------------
 --- Frame #79 ---
7 12 0 7 13 0 6 14 0 8 13 0 7 14 0 9 13 0 8 14 0 7 15 0 8 15 0 
 --- Bot used 1 milliseconds ---
-----------------------------------------------------------------------------
 --- Frame #80 ---
7 12 0 7 13 0 6 14 0 8 13 0 7 14 0 9 13 0 8 14 0 7 15 0 8 15 0 
 --- Bot used 0 milliseconds ---
-----------------------------------------------------------------------------
 --- Frame #81 ---
7 12 0 7 13 0 6 14 0 8 13 0 7 14 0 9 13 0 8 14 0 7 15 0 8 15 0 
 --- Bot used 0 milliseconds ---
-----------------------------------------------------------------------------
 --- Frame #82 ---
7 12 0 7 13 0 6 14 0 8 13 0 7 14 0 9 13 0 8 14 0 7 15 0 8 15 0 
 --- Bot used 0 milliseconds ---
-----------------------------------------------------------------------------
 --- Frame #83 ---
7 12 0 7 13 0 6 14 0 8 13 0 7 14 0 9 13 0 8 14 0 7 15 0 8 15 0 
 --- Bot used 0 milliseconds ---
-----------------------------------------------------------------------------
 --- Frame #84 ---
7 12 0 7 13 0 6 14 0 8 13 0 7 14 2 9 13 0 8 14 0 7 15 0 8 15 0 
 --- Bot used 0 milliseconds ---
-----------------------------------------------------------------------------
 --- Frame #85 ---
7 12 0 7 13 0 6 14 0 8 13 0 7 14 0 9 13 0 7 15 0 8 14 2 8 15 0 
 --- Bot used 0 milliseconds ---
-----------------------------------------------------------------------------
 --- Frame #86 ---
7 12 0 7 13 0 6 14 0 8 13 0 7 14 0 9 13 0 8 14 0 7 15 0 9 14 0 8 15 3 
 --- Bot used 1 milliseconds ---
-----------------------------------------------------------------------------
 --- Frame #87 ---
7 12 0 7 13 0 6 14 0 8 13 0 7 14 0 9 13 0 8 14 0 7 15 3 9 14 0 8 15 0 8 16 0 
 --- Bot used 1 milliseconds ---
-----------------------------------------------------------------------------
 --- Frame #88 ---
7 12 1 7 13 0 6 14 0 8 13 0 7 14 0 9 13 0 8 14 0 7 15 0 9 14 0 8 15 0 7 16 0 8 16 0 
 --- Bot used 1 milliseconds ---
-----------------------------------------------------------------------------
 --- Frame #89 ---
7 11 0 7 12 0 7 13 0 6 14 0 8 13 0 7 14 0 8 14 0 9 13 1 7 15 0 9 14 0 8 15 0 7 16 0 8 16 0 
 --- Bot used 1 milliseconds ---
-----------------------------------------------------------------------------
 --- Frame #90 ---
7 11 0 7 12 0 7 13 0 6 14 0 9 12 0 8 13 0 7 14 0 9 13 0 8 14 0 7 15 0 9 14 0 8 15 0 7 16 0 8 16 0 
 --- Bot used 0 milliseconds ---
-----------------------------------------------------------------------------
 --- Frame #91 ---
7 11 0 7 12 0 7 13 0 6 14 0 9 12 0 8 13 0 7 14 0 9 13 0 8 14 0 7 15 0 9 14 0 8 15 0 7 16 0 8 16 0 
 --- Bot used 1 milliseconds ---
-----------------------------------------------------------------------------
 --- Frame #92 ---
7 11 0 7 12 0 6 14 0 7 13 4 9 12 0 8 13 0 7 14 0 9 13 0 8 14 0 7 15 0 9 14 0 8 15 0 7 16 0 8 16 0 
 --- Bot used 1 milliseconds ---
-----------------------------------------------------------------------------
 --- Frame #93 ---
7 11 0 7 12 0 6 13 0 7 13 0 6 14 0 9 12 0 8 13 0 7 14 2 9 13 0 8 14 0 7 15 0 9 14 0 8 15 0 7 16 0 8 16 0 
 --- Bot used 0 milliseconds ---
-----------------------------------------------------------------------------
 --- Frame #94 ---

ERRORED!
No response received.