 --- Init ---
MyC++Bot
 --- Bot used 0 milliseconds ---
-----------------------------------------------------------------------------
 --- Frame #1 ---
7 15 2 
 --- Bot used 0 milliseconds ---
-----------------------------------------------------------------------------
 --- Frame #2 ---
7 15 0 8 15 2 
 --- Bot used 0 milliseconds ---
-----------------------------------------------------------------------------
 --- Frame #3 ---
7 15 0 8 15 0 9 15 0 
 --- Bot used 0 milliseconds ---
-----------------------------------------------------------------------------
 --- Frame #4 ---
7 15 0 8 15 0 9 15 0 
 --- Bot used 0 milliseconds ---
-----------------------------------------------------------------------------
 --- Frame #5 ---
7 15 0 8 15 0 9 15 0 
 --- Bot used 1 milliseconds ---
-----------------------------------------------------------------------------
 --- Frame #6 ---
7 15 0 8 15 0 9 15 3 
 --- Bot used 0 milliseconds ---
-----------------------------------------------------------------------------
 --- Frame #7 ---
7 15 0 8 15 0 9 15 0 9 16 0 
 --- Bot used 0 milliseconds ---
-----------------------------------------------------------------------------
 --- Frame #8 ---
7 15 0 8 15 0 9 15 0 9 16 0 
 --- Bot used 0 milliseconds ---
-----------------------------------------------------------------------------
 --- Frame #9 ---
7 15 0 8 15 3 9 15 0 9 16 2 
 --- Bot used 0 milliseconds ---
-----------------------------------------------------------------------------
 --- Frame #10 ---
7 15 0 8 15 0 9 15 0 8 16 0 9 16 0 10 16 0 
 --- Bot used 0 milliseconds ---
-----------------------------------------------------------------------------
 --- Frame #11 ---
7 15 0 8 15 0 8 16 0 9 15 2 9 16 0 10 16 0 
 --- Bot used 0 milliseconds ---
-----------------------------------------------------------------------------
 --- Frame #12 ---
7 15 0 8 15 0 9 15 0 8 16 0 10 15 0 9 16 0 10 16 0 
 --- Bot used 0 milliseconds ---
-----------------------------------------------------------------------------
 --- Frame #13 ---
7 15 0 8 15 0 9 15 0 8 16 0 10 15 0 9 16 3 10 16 0 
 --- Bot used 0 milliseconds ---
-----------------------------------------------------------------------------
 --- Frame #14 ---
7 15 0 8 15 0 9 15 0 8 16 3 9 16 0 10 15 1 9 17 0 10 16 2 
 --- Bot used 1 milliseconds ---
-----------------------------------------------------------------------------
 --- Frame #15 ---
7 15 3 8 15 0 10 14 0 8 16 0 9 15 1 10 15 0 9 16 0 8 17 0 10 16 0 9 17 0 11 16 0 
 --- Bot used 0 milliseconds ---
-----------------------------------------------------------------------------
 --- Frame #16 ---
7 15 0 9 14 0 7 16 0 8 15 1 10 14 0 9 15 0 8 16 0 10 15 0 9 16 0 8 17 0 10 16 0 9 17 0 11 16 0 
 --- Bot used 0 milliseconds ---
-----------------------------------------------------------------------------
 --- Frame #17 ---
8 14 0 7 15 0 9 14 0 8 15 0 7 16 0 10 14 0 9 15 0 8 16 0 10 15 0 9 16 0 8 17 0 10 16 0 9 17 2 11 16 0 
 --- Bot used 0 milliseconds ---
-----------------------------------------------------------------------------
 --- Frame #18 ---
8 14 0 7 15 0 9 14 0 8 15 0 7 16 0 10 14 0 9 15 0 8 16 0 10 15 0 9 16 0 8 17 0 10 16 0 9 17 0 11 16 0 10 17 0 
 --- Bot used 1 milliseconds ---
-----------------------------------------------------------------------------
 --- Frame #19 ---

ERRORED!
No response received.