 --- Init ---
MyC++Bot
 --- Bot used 0 milliseconds ---
-----------------------------------------------------------------------------
 --- Frame #1 ---
7 15 1 
 --- Bot used 1 milliseconds ---
-----------------------------------------------------------------------------
 --- Frame #2 ---
7 14 2 7 15 0 
 --- Bot used 0 milliseconds ---
-----------------------------------------------------------------------------
 --- Frame #3 ---
7 14 0 8 14 0 7 15 0 
 --- Bot used 0 milliseconds ---
-----------------------------------------------------------------------------
 --- Frame #4 ---
7 14 0 8 14 0 7 15 0 
 --- Bot used 0 milliseconds ---
-----------------------------------------------------------------------------
 --- Frame #5 ---
7 14 0 8 14 0 7 15 0 
 --- Bot used 1 milliseconds ---
-----------------------------------------------------------------------------
 --- Frame #6 ---
7 14 0 8 14 0 7 15 0 
 --- Bot used 0 milliseconds ---
-----------------------------------------------------------------------------
 --- Frame #7 ---
7 14 0 8 14 0 7 15 0 
 --- Bot used 0 milliseconds ---
-----------------------------------------------------------------------------
 --- Frame #8 ---
7 14 0 8 14 0 7 15 0 
 --- Bot used 0 milliseconds ---
-----------------------------------------------------------------------------
 --- Frame #9 ---
7 14 0 8 14 0 7 15 0 
 --- Bot used 1 milliseconds ---
-----------------------------------------------------------------------------
 --- Frame #10 ---
7 14 0 7 15 0 8 14 1 
 --- Bot used 0 milliseconds ---
-----------------------------------------------------------------------------
 --- Frame #11 ---
8 13 0 7 14 0 8 14 0 7 15 0 
 --- Bot used 0 milliseconds ---
-----------------------------------------------------------------------------
 --- Frame #12 ---
8 13 0 7 14 0 8 14 0 7 15 0 
 --- Bot used 0 milliseconds ---
-----------------------------------------------------------------------------
 --- Frame #13 ---
8 13 0 7 14 0 8 14 0 7 15 0 
 --- Bot used 0 milliseconds ---
-----------------------------------------------------------------------------
 --- Frame #14 ---
8 13 0 7 14 0 8 14 0 7 15 0 
 --- Bot used 0 milliseconds ---
-----------------------------------------------------------------------------
 --- Frame #15 ---
8 13 0 7 14 0 8 14 0 7 15 0 
 --- Bot used 0 milliseconds ---
-----------------------------------------------------------------------------
 --- Frame #16 ---
8 13 0 7 14 0 8 14 0 7 15 0 
 --- Bot used 1 milliseconds ---
-----------------------------------------------------------------------------
 --- Frame #17 ---
8 13 0 7 14 0 8 14 0 7 15 0 
 --- Bot used 0 milliseconds ---
-----------------------------------------------------------------------------
 --- Frame #18 ---
8 13 0 7 14 0 8 14 0 7 15 2 
 --- Bot used 1 milliseconds ---
-----------------------------------------------------------------------------
 --- Frame #19 ---
7 14 1 8 13 2 8 14 0 7 15 0 8 15 0 
 --- Bot used 0 milliseconds ---
-----------------------------------------------------------------------------
 --- Frame #20 ---
7 13 0 8 13 0 7 14 0 9 13 0 8 14 0 7 15 0 8 15 0 
 --- Bot used 1 milliseconds ---
-----------------------------------------------------------------------------
 --- Frame #21 ---
7 13 0 8 13 0 7 14 0 9 13 0 7 15 0 8 14 2 8 15 0 
 --- Bot used 0 milliseconds ---
-----------------------------------------------------------------------------
 --- Frame #22 ---
7 13 0 8 13 0 7 14 0 9 13 0 8 14 0 7 15 0 9 14 0 8 15 0 
 --- Bot used 0 milliseconds ---
-----------------------------------------------------------------------------
 --- Frame #23 ---
7 13 0 8 13 0 7 14 0 9 13 0 8 14 0 7 15 0 9 14 0 8 15 0 
 --- Bot used 1 milliseconds ---
-----------------------------------------------------------------------------
 --- Frame #24 ---
7 13 0 8 13 0 7 14 0 9 13 0 8 14 0 7 15 0 9 14 0 8 15 0 
 --- Bot used 0 milliseconds ---
-----------------------------------------------------------------------------
 --- Frame #25 ---
7 13 0 8 13 0 7 14 0 9 13 0 8 14 0 7 15 0 9 14 0 8 15 0 
 --- Bot used 0 milliseconds ---
-----------------------------------------------------------------------------
 --- Frame #26 ---
7 13 0 8 13 0 7 14 0 9 13 0 8 14 0 7 15 0 9 14 0 8 15 0 
 --- Bot used 0 milliseconds ---
-----------------------------------------------------------------------------
 --- Frame #27 ---

ERRORED!
No response received.