 --- Init ---
MyC++Bot
 --- Bot used 0 milliseconds ---
-----------------------------------------------------------------------------
 --- Frame #1 ---
7 15 1 
 --- Bot used 1 milliseconds ---
-----------------------------------------------------------------------------
 --- Frame #2 ---
7 14 0 7 15 0 
 --- Bot used 0 milliseconds ---
-----------------------------------------------------------------------------
 --- Frame #3 ---
7 14 0 7 15 0 
 --- Bot used 0 milliseconds ---
-----------------------------------------------------------------------------
 --- Frame #4 ---
7 14 0 7 15 0 
 --- Bot used 1 milliseconds ---
-----------------------------------------------------------------------------
 --- Frame #5 ---
7 14 0 7 15 0 
 --- Bot used 1 milliseconds ---
-----------------------------------------------------------------------------
 --- Frame #6 ---
7 14 1 7 15 0 
 --- Bot used 1 milliseconds ---
-----------------------------------------------------------------------------
 --- Frame #7 ---
7 13 0 7 14 0 7 15 0 
 --- Bot used 1 milliseconds ---
-----------------------------------------------------------------------------
 --- Frame #8 ---
7 13 0 7 14 0 7 15 0 
 --- Bot used 0 milliseconds ---
-----------------------------------------------------------------------------
 --- Frame #9 ---
7 13 0 7 14 0 7 15 0 
 --- Bot used 0 milliseconds ---
-----------------------------------------------------------------------------
 --- Frame #10 ---
7 13 0 7 14 0 7 15 0 
 --- Bot used 0 milliseconds ---
-----------------------------------------------------------------------------
 --- Frame #11 ---
7 13 0 7 14 0 7 15 0 
 --- Bot used 1 milliseconds ---
-----------------------------------------------------------------------------
 --- Frame #12 ---
7 13 0 7 14 0 7 15 0 
 --- Bot used 1 milliseconds ---
-----------------------------------------------------------------------------
 --- Frame #13 ---
7 13 1 7 14 0 7 15 0 
 --- Bot used 0 milliseconds ---
-----------------------------------------------------------------------------
 --- Frame #14 ---
7 12 0 7 13 0 7 14 0 7 15 0 
 --- Bot used 0 milliseconds ---
-----------------------------------------------------------------------------
 --- Frame #15 ---
7 12 0 7 13 0 7 14 0 7 15 0 
 --- Bot used 0 milliseconds ---
-----------------------------------------------------------------------------
 --- Frame #16 ---
7 12 0 7 13 0 7 14 0 7 15 0 
 --- Bot used 0 milliseconds ---
-----------------------------------------------------------------------------
 --- Frame #17 ---
7 12 0 7 13 0 7 14 0 7 15 0 
 --- Bot used 1 milliseconds ---
-----------------------------------------------------------------------------
 --- Frame #18 ---
7 12 0 7 13 0 7 14 0 7 15 0 
 --- Bot used 0 milliseconds ---
-----------------------------------------------------------------------------
 --- Frame #19 ---
7 12 1 7 13 0 7 14 2 7 15 0 
 --- Bot used 1 milliseconds ---
-----------------------------------------------------------------------------
 --- Frame #20 ---
7 11 0 7 12 0 7 13 4 7 14 0 8 14 0 7 15 0 
 --- Bot used 0 milliseconds ---
-----------------------------------------------------------------------------
 --- Frame #21 ---
7 11 0 7 12 0 6 13 0 7 13 0 7 14 0 8 14 0 7 15 0 
 --- Bot used 0 milliseconds ---
-----------------------------------------------------------------------------
 --- Frame #22 ---
7 11 0 7 12 0 6 13 0 7 13 0 7 14 0 8 14 0 7 15 2 
 --- Bot used 0 milliseconds ---
-----------------------------------------------------------------------------
 --- Frame #23 ---
7 11 0 7 12 0 6 13 0 7 13 0 7 14 0 8 14 0 7 15 0 8 15 0 
 --- Bot used 1 milliseconds ---
-----------------------------------------------------------------------------
 --- Frame #24 ---
7 11 0 7 12 0 6 13 0 7 13 0 7 14 0 8 14 0 7 15 0 8 15 0 
 --- Bot used 0 milliseconds ---
-----------------------------------------------------------------------------
 --- Frame #25 ---
7 11 0 7 12 0 6 13 0 7 13 0 7 14 0 8 14 0 7 15 0 8 15 0 
 --- Bot used 0 milliseconds ---
-----------------------------------------------------------------------------
 --- Frame #26 ---
7 11 0 6 13 0 7 12 4 7 13 0 7 14 0 8 14 0 7 15 0 8 15 0 
 --- Bot used 1 milliseconds ---
-----------------------------------------------------------------------------
 --- Frame #27 ---
6 12 0 7 11 1 7 12 0 6 13 0 7 13 0 7 14 0 8 14 0 7 15 0 8 15 0 
 --- Bot used 0 milliseconds ---
-----------------------------------------------------------------------------
 --- Frame #28 ---
7 10 0 7 11 0 6 12 0 7 12 0 6 13 4 7 13 0 7 14 0 8 14 0 7 15 0 8 15 0 
 --- Bot used 1 milliseconds ---
-----------------------------------------------------------------------------
 --- Frame #29 ---
7 10 0 7 11 0 6 12 0 5 13 0 7 12 0 6 13 0 7 13 0 7 14 0 8 14 0 7 15 0 8 15 0 
 --- Bot used 1 milliseconds ---
-----------------------------------------------------------------------------
 --- Frame #30 ---
7 10 0 7 11 0 6 12 0 5 13 0 7 12 0 6 13 0 7 13 0 7 14 0 8 14 0 7 15 0 8 15 0 
 --- Bot used 1 milliseconds ---
-----------------------------------------------------------------------------
 --- Frame #31 ---
7 10 0 7 11 0 6 12 0 5 13 0 7 12 0 6 13 0 7 13 2 7 14 4 8 14 0 7 15 0 8 15 0 
 --- Bot used 0 milliseconds ---
-----------------------------------------------------------------------------
 --- Frame #32 ---
7 10 0 7 11 0 6 12 0 5 13 0 7 12 0 6 13 0 7 13 0 6 14 0 8 13 0 7 14 0 8 14 0 7 15 0 8 15 0 
 --- Bot used 0 milliseconds ---
-----------------------------------------------------------------------------
 --- Frame #33 ---
7 10 0 7 11 0 6 12 0 5 13 0 7 12 0 6 13 0 7 13 0 6 14 0 8 13 0 7 14 0 8 14 0 7 15 0 8 15 0 
 --- Bot used 1 milliseconds ---
-----------------------------------------------------------------------------
 --- Frame #34 ---
7 10 2 7 11 0 5 13 0 6 12 4 7 12 0 6 13 0 7 13 0 6 14 0 8 13 0 7 14 0 8 14 0 7 15 0 8 15 0 
 --- Bot used 1 milliseconds ---
-----------------------------------------------------------------------------
 --- Frame #35 ---
7 10 0 5 12 0 8 10 0 7 11 0 6 12 0 5 13 4 7 12 0 6 13 0 7 13 0 6 14 0 8 13 0 7 14 0 8 14 0 7 15 0 8 15 0 
 --- Bot used 1 milliseconds ---
-----------------------------------------------------------------------------
 --- Frame #36 ---
7 10 0 5 12 0 4 13 0 8 10 0 6 12 0 5 13 0 7 11 2 6 13 0 7 12 2 7 13 0 6 14 0 8 13 0 7 14 0 7 15 0 8 14 2 8 15 0 
 --- Bot used 1 milliseconds ---
-----------------------------------------------------------------------------
 --- Frame #37 ---
7 10 0 5 12 0 4 13 0 8 10 0 7 11 0 6 12 0 5 13 0 8 11 0 7 12 0 6 13 4 8 12 0 7 13 0 6 14 0 8 13 0 7 14 0 8 14 0 7 15 0 9 14 0 8 15 0 
 --- Bot used 1 milliseconds ---
-----------------------------------------------------------------------------
 --- Frame #38 ---
7 10 0 5 12 0 4 13 0 8 10 0 7 11 0 6 12 0 5 13 0 8 11 0 7 12 0 6 13 0 8 12 0 7 13 0 6 14 0 8 13 0 7 14 0 8 14 0 7 15 0 9 14 0 8 15 0 
 --- Bot used 1 milliseconds ---
-----------------------------------------------------------------------------
 --- Frame #39 ---
7 10 0 5 12 0 4 13 4 8 10 0 7 11 0 6 12 0 5 13 3 8 11 0 7 12 0 6 13 0 8 12 0 7 13 0 6 14 0 8 13 0 7 14 0 8 14 0 7 15 0 9 14 0 8 15 0 
 --- Bot used 0 milliseconds ---
-----------------------------------------------------------------------------
 --- Frame #40 ---
3 13 0 7 10 0 5 12 0 4 13 0 8 10 0 7 11 0 6 12 0 5 13 0 8 11 0 7 12 0 6 13 0 5 14 0 8 12 0 6 14 0 7 13 4 8 13 0 7 14 4 8 14 0 7 15 0 9 14 0 8 15 0 
 --- Bot used 0 milliseconds ---
-----------------------------------------------------------------------------
 --- Frame #41 ---
3 13 0 7 10 0 4 13 0 5 12 4 8 10 0 7 11 0 6 12 0 5 13 0 8 11 0 7 12 0 5 14 0 6 13 4 8 12 0 7 13 0 6 14 0 8 13 0 7 14 0 8 14 0 7 15 0 9 14 0 8 15 0 
 --- Bot used 1 milliseconds ---
-----------------------------------------------------------------------------
 --- Frame #42 ---
4 12 0 3 13 0 7 10 0 5 12 0 4 13 0 8 10 0 7 11 0 6 12 0 5 13 4 8 11 0 7 12 0 6 13 0 5 14 0 8 12 0 7 13 0 6 14 0 8 13 0 7 14 0 8 14 0 7 15 0 9 14 0 8 15 0 
 --- Bot used 0 milliseconds ---
-----------------------------------------------------------------------------
 --- Frame #43 ---
4 12 0 3 13 1 7 10 0 5 12 0 4 13 3 8 10 0 7 11 0 6 12 0 5 13 0 8 11 0 7 12 0 6 13 0 5 14 0 8 12 0 7 13 0 6 14 0 8 13 0 7 14 0 8 14 0 7 15 0 9 14 0 8 15 0 
 --- Bot used 1 milliseconds ---
-----------------------------------------------------------------------------
 --- Frame #44 ---
3 12 0 4 12 0 3 13 0 7 10 1 5 12 0 4 13 0 8 10 0 7 11 0 5 13 0 6 12 1 4 14 4 8 11 0 7 12 0 6 13 0 5 14 0 8 12 0 7 13 0 6 14 0 8 13 0 7 14 0 8 14 0 7 15 0 9 14 0 8 15 0 
 --- Bot used 1 milliseconds ---
-----------------------------------------------------------------------------
 --- Frame #45 ---
3 12 0 7 9 0 4 12 0 3 13 0 7 10 0 6 11 0 5 12 0 4 13 0 3 14 4 8 10 0 6 12 0 5 13 0 7 11 2 4 14 0 8 11 0 6 13 0 5 14 0 7 12 4 8 12 0 7 13 0 6 14 0 8 13 0 7 14 0 7 15 0 8 14 4 9 14 0 8 15 0 
 --- Bot used 1 milliseconds ---
-----------------------------------------------------------------------------
 --- Frame #46 ---
3 12 4 7 9 0 4 12 0 3 13 0 2 14 1 7 10 0 6 11 0 5 12 0 4 13 0 3 14 0 7 11 0 8 10 2 5 13 0 4 14 0 6 12 4 7 12 0 6 13 0 8 11 2 5 14 0 8 12 0 7 13 0 6 14 0 8 13 0 7 14 4 8 14 0 7 15 0 9 14 0 8 15 2 
 --- Bot used 0 milliseconds ---
-----------------------------------------------------------------------------
 --- Frame #47 ---
2 12 0 3 12 0 2 13 0 7 9 0 4 12 0 3 13 0 2 14 0 7 10 0 6 11 0 4 13 0 5 12 1 3 14 0 8 10 0 7 11 0 6 12 0 5 13 0 4 14 0 9 10 0 8 11 0 7 12 0 6 13 0 5 14 0 8 12 0 7 13 0 9 11 2 6 14 3 8 13 0 7 14 0 8 14 0 7 15 0 9 14 0 8 15 0 9 15 0 
 --- Bot used 0 milliseconds ---
-----------------------------------------------------------------------------
 --- Frame #48 ---
2 12 0 3 12 0 2 13 0 7 9 0 5 11 0 4 12 0 3 13 0 2 14 0 7 10 0 6 11 0 5 12 0 4 13 0 3 14 0 8 10 0 7 11 0 6 12 0 5 13 0 4 14 0 9 10 0 8 11 0 7 12 0 6 13 0 5 14 0 9 11 0 8 12 0 7 13 0 6 14 0 10 11 0 7 14 0 6 15 0 8 13 2 8 14 0 7 15 0 9 14 0 8 15 0 9 15 0 
 --- Bot used 0 milliseconds ---
-----------------------------------------------------------------------------
 --- Frame #49 ---
2 12 1 3 12 0 2 13 0 7 9 0 5 11 0 4 12 0 3 13 0 2 14 0 7 10 0 6 11 0 5 12 0 4 13 0 3 14 0 8 10 0 7 11 0 6 12 0 5 13 0 4 14 0 9 10 0 8 11 0 7 12 0 6 13 0 5 14 0 9 11 0 8 12 0 6 14 0 7 13 4 10 11 0 8 13 0 7 14 0 6 15 0 9 13 0 8 14 0 7 15 0 9 14 0 8 15 0 9 15 0 
 --- Bot used 2 milliseconds ---
-----------------------------------------------------------------------------
 --- Frame #50 ---
2 11 0 2 12 0 3 12 0 2 13 4 7 9 0 5 11 0 4 12 0 3 13 0 2 14 0 7 10 0 6 11 0 5 12 0 4 13 0 3 14 0 8 10 0 7 11 0 6 12 0 5 13 0 4 14 0 9 10 0 8 11 0 7 12 0 5 14 0 6 13 4 9 11 0 8 12 0 7 13 0 6 14 0 10 11 0 8 13 0 7 14 0 6 15 0 9 13 0 8 14 0 7 15 0 9 14 0 8 15 0 9 15 0 
 --- Bot used 1 milliseconds ---
-----------------------------------------------------------------------------
 --- Frame #51 ---
2 11 0 2 12 0 1 13 0 2 13 0 3 12 1 7 9 0 3 13 0 4 12 1 2 14 0 5 11 4 7 10 0 6 11 0 5 12 0 4 13 0 3 14 0 8 10 0 7 11 0 6 12 0 4 14 0 5 13 4 9 10 0 8 11 0 7 12 0 6 13 0 5 14 0 9 11 0 7 13 0 6 14 0 8 12 2 10 11 0 8 13 0 7 14 0 6 15 0 9 13 0 8 14 0 7 15 0 9 14 0 8 15 0 9 15 0 
 --- Bot used 2 milliseconds ---
-----------------------------------------------------------------------------
 --- Frame #52 ---
2 11 1 3 11 0 2 12 0 1 13 0 4 11 0 3 12 0 2 13 0 7 9 0 5 11 0 4 12 0 2 14 0 3 13 1 7 10 0 6 11 0 5 12 0 3 14 0 4 13 1 8 10 0 7 11 0 6 12 0 5 13 0 4 14 0 9 10 0 8 11 0 7 12 0 6 13 0 5 14 0 9 11 0 8 12 0 7 13 0 6 14 0 10 11 0 9 12 0 8 13 0 7 14 0 6 15 0 9 13 0 8 14 0 7 15 0 9 14 0 8 15 0 9 15 0 
 --- Bot used 2 milliseconds ---
-----------------------------------------------------------------------------
 --- Frame #53 ---
2 10 0 2 11 0 3 11 0 1 13 0 2 12 4 3 12 0 4 11 1 2 13 0 7 9 0 5 11 0 3 13 0 2 14 0 4 12 4 7 10 0 6 11 0 5 12 0 4 13 0 3 14 0 8 10 0 7 11 0 6 12 0 5 13 0 4 14 0 9 10 0 8 11 0 7 12 0 6 13 0 5 14 0 9 11 0 8 12 0 7 13 0 6 14 0 10 11 0 9 12 0 8 13 0 7 14 0 6 15 0 9 13 0 8 14 0 7 15 0 9 14 0 8 15 0 9 15 0 
 --- Bot used 2 milliseconds ---
-----------------------------------------------------------------------------
 --- Frame #54 ---
2 10 0 2 11 0 1 12 0 4 10 0 3 11 0 2 12 0 1 13 0 4 11 0 2 13 0 3 12 1 7 9 0 5 11 0 4 12 0 3 13 0 2 14 4 7 10 0 6 11 0 5 12 0 4 13 0 3 14 0 8 10 0 6 12 0 7 11 1 5 13 0 4 14 0 9 10 0 8 11 0 6 13 0 5 14 0 7 12 2 9 11 0 8 12 0 7 13 0 6 14 0 10 11 0 9 12 0 8 13 0 7 14 0 6 15 0 9 13 0 7 15 0 8 14 2 9 14 0 8 15 0 9 15 0 
 --- Bot used 2 milliseconds ---
-----------------------------------------------------------------------------
 --- Frame #55 ---
2 10 0 2 11 0 1 12 0 4 10 0 2 12 0 3 11 1 1 13 0 4 11 0 3 12 0 2 13 0 1 14 0 7 9 0 5 11 0 4 12 0 3 13 0 2 14 0 6 11 0 5 12 0 4 13 0 3 14 0 7 10 4 8 10 0 7 11 0 5 13 0 6 12 1 4 14 0 9 10 0 7 12 0 8 11 1 6 13 0 5 14 0 9 11 0 7 13 0 6 14 0 8 12 2 9 12 0 10 11 1 8 13 0 6 15 0 7 14 4 9 13 0 8 14 0 7 15 0 8 15 0 9 14 2 9 15 0 
 --- Bot used 2 milliseconds ---
-----------------------------------------------------------------------------
 --- Frame #56 ---
2 10 4 3 10 1 1 12 0 2 11 4 4 10 0 3 11 0 2 12 0 1 13 0 4 11 0 3 12 0 2 13 0 1 14 0 6 10 0 5 11 0 4 12 0 3 13 0 7 9 4 2 14 0 7 10 0 6 11 1 4 13 0 5 12 1 3 14 3 7 11 0 8 10 1 6 12 0 5 13 0 4 14 0 9 10 0 8 11 0 7 12 0 6 13 0 5 14 0 10 10 0 8 12 0 9 11 1 7 13 0 6 14 4 10 11 0 8 13 0 7 14 0 9 12 2 6 15 0 9 13 0 8 14 0 7 15 0 9 14 0 8 15 0 10 14 0 9 15 0 
 --- Bot used 1 milliseconds ---
-----------------------------------------------------------------------------
 --- Frame #57 ---
1 10 0 2 10 0 1 11 0 3 9 4 3 10 0 2 11 0 1 12 0 4 10 0 3 11 0 2 12 0 1 13 4 6 9 0 4 11 0 3 12 0 2 13 0 1 14 0 7 9 0 5 11 0 4 12 0 3 13 0 2 14 0 6 10 4 8 9 0 7 10 0 6 11 0 5 12 0 4 13 0 3 14 0 8 10 0 7 11 0 6 12 0 5 13 0 4 14 0 3 15 0 8 11 0 9 10 1 7 12 0 6 13 0 5 14 3 10 10 0 9 11 0 8 12 0 7 13 0 6 14 0 10 11 0 9 12 0 7 14 0 6 15 0 8 13 2 10 12 0 9 13 0 8 14 0 7 15 0 9 14 0 8 15 0 10 14 0 9 15 0 
 --- Bot used 1 milliseconds ---
-----------------------------------------------------------------------------
 --- Frame #58 ---
1 10 0 2 9 4 3 9 0 2 10 0 1 11 0 3 10 0 2 11 0 1 12 0 0 13 0 4 10 0 3 11 0 2 12 0 1 13 0 6 9 0 4 11 0 5 10 1 3 12 0 2 13 0 1 14 0 7 9 0 6 10 0 4 12 0 3 13 0 2 14 0 5 11 4 8 9 0 7 10 0 6 11 0 5 12 0 4 13 0 3 14 0 9 9 0 8 10 0 7 11 0 6 12 0 5 13 0 4 14 0 3 15 0 9 10 0 8 11 0 7 12 0 6 13 0 5 14 0 10 10 0 9 11 0 8 12 0 6 14 0 5 15 0 7 13 2 10 11 0 9 12 0 8 13 0 7 14 0 6 15 0 10 12 0 9 13 0 8 14 0 7 15 0 9 14 0 8 15 0 10 14 0 9 15 0 
 --- Bot used 2 milliseconds ---
-----------------------------------------------------------------------------
 --- Frame #59 ---
1 9 4 2 9 0 1 10 0 3 9 0 2 10 0 1 11 0 3 10 0 2 11 0 1 12 0 0 13 0 5 9 0 4 10 0 3 11 0 2 12 0 1 13 0 6 9 0 5 10 0 3 12 0 4 11 1 1 14 0 2 13 3 7 9 0 6 10 0 5 11 0 4 12 0 3 13 0 2 14 0 8 9 0 7 10 0 6 11 0 5 12 0 4 13 0 3 14 0 9 9 0 8 10 0 7 11 0 6 12 0 5 13 0 4 14 0 3 15 0 9 10 0 8 11 0 7 12 0 5 14 0 6 13 1 10 10 0 9 11 0 8 12 0 7 13 0 6 14 0 5 15 0 10 11 0 9 12 0 7 14 0 6 15 0 8 13 2 10 12 0 8 14 0 7 15 0 9 13 2 9 14 0 8 15 0 10 14 0 9 15 0 
 --- Bot used 1 milliseconds ---
-----------------------------------------------------------------------------
 --- Frame #60 ---
0 9 3 1 9 0 2 9 0 1 10 4 3 9 0 2 10 0 1 11 0 3 10 0 2 11 0 1 12 0 0 13 0 5 9 0 3 11 0 4 10 1 2 12 0 1 13 0 6 9 0 5 10 0 4 11 0 3 12 0 2 13 0 1 14 0 7 9 0 6 10 0 5 11 0 4 12 0 3 13 0 2 14 3 8 9 0 7 10 0 6 11 0 5 12 0 4 13 0 3 14 0 9 9 0 8 10 0 7 11 0 6 12 1 4 14 0 3 15 0 5 13 4 9 10 0 8 11 0 7 12 0 6 13 0 5 14 0 10 10 0 9 11 0 8 12 0 7 13 0 6 14 0 5 15 0 10 11 0 9 12 0 8 13 0 7 14 0 6 15 0 10 12 0 8 14 0 7 15 0 9 13 2 10 13 0 9 14 0 8 15 0 10 14 0 9 15 0 
 --- Bot used 2 milliseconds ---
-----------------------------------------------------------------------------
 --- Frame #61 ---
0 9 0 1 9 0 0 10 3 2 9 0 1 10 0 3 9 0 2 10 0 1 11 0 3 10 0 4 9 1 2 11 0 0 13 0 1 12 4 5 9 0 4 10 0 3 11 0 2 12 0 1 13 0 6 9 0 5 10 0 4 11 0 3 12 0 2 13 0 1 14 0 7 9 0 6 10 0 5 11 0 4 12 0 2 14 0 3 13 1 8 9 0 7 10 0 5 12 0 6 11 1 3 14 0 2 15 0 4 13 4 9 9 0 8 10 0 7 11 0 6 12 0 5 13 0 4 14 0 3 15 0 9 10 0 8 11 0 7 12 0 6 13 0 5 14 0 10 10 0 9 11 0 8 12 0 7 13 0 6 14 0 5 15 0 10 11 0 9 12 0 8 13 0 7 14 0 6 15 0 10 12 0 9 13 0 8 14 0 7 15 0 10 13 0 9 14 0 8 15 0 10 14 0 9 15 0 
 --- Bot used 2 milliseconds ---
-----------------------------------------------------------------------------
 --- Frame #62 ---
0 9 0 1 9 0 0 10 0 2 9 0 1 10 0 0 11 4 3 9 0 2 10 0 1 11 0 0 12 0 4 8 4 4 9 0 3 10 0 2 11 0 1 12 0 0 13 0 5 9 0 4 10 0 3 11 0 1 13 0 2 12 1 6 9 0 5 10 0 4 11 0 2 13 0 3 12 1 1 14 4 7 9 0 5 11 0 6 10 1 4 12 1 2 14 0 3 13 1 8 9 0 7 10 0 6 11 0 5 12 0 4 13 0 3 14 0 2 15 0 9 9 0 8 10 0 7 11 0 6 12 0 5 13 0 4 14 0 3 15 0 9 10 0 8 11 0 7 12 0 6 13 0 5 14 0 10 10 0 9 11 0 8 12 0 7 13 0 6 14 0 5 15 0 10 11 0 9 12 0 8 13 0 7 14 0 6 15 0 10 12 0 9 13 0 8 14 0 7 15 0 9 14 0 8 15 0 10 13 2 10 14 0 9 15 0 
 --- Bot used 2 milliseconds ---
-----------------------------------------------------------------------------
 --- Frame #63 ---
0 9 0 1 9 0 0 10 0 3 8 0 2 9 0 1 10 0 0 11 0 4 8 0 3 9 0 2 10 0 1 11 0 0 12 0 4 9 0 3 10 0 1 12 0 2 11 1 0 13 0 5 9 0 4 10 0 2 12 0 3 11 1 1 13 0 0 14 0 5 10 0 6 9 1 4 11 1 2 13 0 3 12 1 1 14 0 7 9 0 6 10 0 5 11 0 4 12 0 3 13 0 2 14 0 8 9 0 7 10 0 6 11 0 5 12 0 4 13 0 3 14 0 2 15 4 9 9 0 8 10 0 6 12 0 7 11 1 5 13 0 4 14 0 3 15 0 9 10 0 8 11 0 6 13 0 7 12 1 5 14 0 10 10 0 9 11 0 8 12 0 7 13 0 6 14 0 5 15 0 10 11 0 9 12 0 8 13 0 7 14 0 6 15 0 10 12 0 9 13 0 8 14 2 7 15 3 10 13 0 9 14 0 8 15 0 11 13 0 10 14 0 9 15 0 29 11 1 
 --- Bot used 2 milliseconds ---
-----------------------------------------------------------------------------
 --- Frame #64 ---
0 9 0 0 10 0 1 9 1 1 10 0 2 9 1 0 11 0 3 8 4 4 8 0 3 9 0 2 10 1 0 12 0 1 11 1 4 9 0 2 11 0 3 10 1 1 12 0 0 13 0 5 9 0 6 8 1 4 10 1 2 12 0 3 11 1 1 13 0 0 14 0 6 9 0 5 10 0 4 11 0 3 12 0 2 13 0 1 14 0 7 9 0 6 10 0 5 11 0 4 12 0 3 13 0 2 14 0 1 15 0 8 9 0 6 11 0 7 10 1 5 12 0 4 13 0 3 14 0 2 15 0 9 9 0 8 10 0 6 12 0 7 11 1 5 13 0 4 14 0 3 15 0 9 10 0 7 12 0 6 13 0 8 11 2 5 14 0 10 10 0 9 11 0 7 13 0 6 14 0 8 12 2 5 15 0 10 11 0 9 12 0 8 13 0 6 15 0 7 14 4 10 12 0 9 13 0 8 14 0 7 15 0 10 13 0 8 15 0 7 16 0 9 14 2 11 13 0 10 14 0 9 15 0 29 10 1 29 11 0 
 --- Bot used 2 milliseconds ---
-----------------------------------------------------------------------------
 --- Frame #65 ---
1 8 0 0 9 0 1 9 0 2 8 1 0 10 0 3 8 0 2 9 1 0 11 0 1 10 1 4 8 0 2 10 0 3 9 1 1 11 0 0 12 0 6 7 1 4 9 1 2 11 0 3 10 1 1 12 0 0 13 0 6 8 0 4 10 0 5 9 1 3 11 0 2 12 0 1 13 0 0 14 0 6 9 0 5 10 0 4 11 0 3 12 0 2 13 0 1 14 0 6 10 0 7 9 1 5 11 0 4 12 0 3 13 0 2 14 0 1 15 0 8 9 0 6 11 0 7 10 1 4 13 0 5 12 1 2 15 0 3 14 4 9 9 0 7 11 0 8 10 1 6 12 0 5 13 0 3 15 0 4 14 3 9 10 0 8 11 0 7 12 0 6 13 0 5 14 0 10 10 0 8 12 0 7 13 0 9 11 2 5 15 0 6 14 4 10 11 0 8 13 0 7 14 0 9 12 2 6 15 0 10 12 0 9 13 0 8 14 0 7 15 0 10 13 0 9 14 0 8 15 0 7 16 0 11 13 0 9 15 0 10 14 2 29 9 4 29 10 0 29 11 0 
 --- Bot used 2 milliseconds ---
-----------------------------------------------------------------------------
 --- Frame #66 ---
2 7 0 1 8 0 0 9 0 2 8 1 0 10 0 1 9 1 2 9 0 3 8 1 1 10 0 0 11 0 6 6 0 4 8 1 2 10 0 3 9 1 1 11 0 0 12 0 6 7 0 5 8 0 4 9 0 3 10 0 2 11 0 1 12 0 0 13 0 6 8 0 5 9 0 4 10 0 3 11 0 2 12 0 0 14 0 1 13 4 6 9 0 7 8 1 5 10 0 4 11 0 3 12 0 2 13 0 1 14 0 6 10 0 7 9 1 4 12 0 5 11 1 3 13 0 1 15 0 2 14 4 7 10 0 8 9 1 6 11 0 5 12 0 4 13 0 3 14 0 2 15 0 9 9 0 8 10 0 7 11 0 6 12 0 5 13 0 4 14 0 3 15 0 8 11 0 7 12 0 9 10 2 6 13 0 4 15 0 5 14 4 10 10 0 9 11 0 8 12 0 7 13 0 6 14 0 5 15 0 9 12 0 8 13 0 10 11 2 7 14 0 6 15 0 9 13 0 8 14 0 10 12 2 7 15 0 10 13 0 9 14 0 8 15 0 7 16 0 11 13 0 10 14 0 9 15 0 11 14 0 28 9 3 29 9 0 29 10 0 29 11 0 
 --- Bot used 3 milliseconds ---
-----------------------------------------------------------------------------
 --- Frame #67 ---

ERRORED!
No response received.